Base path: C:/Program Files (x86)/Unity/Editor/Data
Pipe name: \\.\pipe\UnityShaderCompiler-3-9800
Cmd: getPlatforms
Cmd: compileSnippet
  api=1 type=0 insize=1642 outsize=269 kw= ok=1
Cmd: compileSnippet
  api=1 type=0 insize=1809 outsize=211 kw= ok=1
Cmd: compileSnippet
  api=8 type=1 insize=1809 outsize=2803 kw= ok=1
Cmd: compileSnippet
  api=1 type=1 insize=1302 outsize=265 kw= ok=1
Cmd: compileSnippet
  api=8 type=0 insize=1366 outsize=2113 kw= ok=1
Cmd: compileSnippet
  api=1 type=0 insize=848 outsize=211 kw= ok=1
Cmd: compileSnippet
  api=8 type=1 insize=848 outsize=1105 kw= ok=1
Cmd: compileSnippet
  api=1 type=1 insize=1317 outsize=339 kw= ok=1
Cmd: compileSnippet
  api=1 type=0 insize=532 outsize=211 kw= ok=1
Cmd: compileSnippet
  api=1 type=0 insize=900 outsize=237 kw= ok=1
Cmd: compileSnippet
  api=8 type=1 insize=900 outsize=1414 kw= ok=1
Cmd: compileSnippet
  api=8 type=0 insize=1353 outsize=2438 kw= ok=1
Cmd: compileSnippet
  api=1 type=1 insize=1353 outsize=284 kw= ok=1
Unhandled exception: Readfile from pipe failed. GLE=The pipe has been ended.


Quitting shader compiler process
